<?xml version="1.0" encoding="UTF-8"?>
<!-- Generated by org.testng.reporters.JUnitReportReporter -->
<testsuite skipped="0" hostname="akundu18" name="testcases.products.getProduct" tests="1" failures="0" timestamp="30 Sep 2019 07:42:31 GMT" time="3.998" errors="0">
  <testcase name="getProductList" time="3.998" classname="testcases.products.getProduct"/>
</testsuite> <!-- testcases.products.getProduct -->
