<?xml version="1.0" encoding="UTF-8"?>
<!-- Generated by org.testng.reporters.JUnitReportReporter -->
<testsuite skipped="0" hostname="akundu18" name="testcases.stores.PostandGetStore" tests="1" failures="0" timestamp="16 Oct 2019 11:34:37 GMT" time="2.785" errors="0">
  <testcase name="postAndGetStore" time="2.785" classname="testcases.stores.PostandGetStore"/>
</testsuite> <!-- testcases.stores.PostandGetStore -->
