<?xml version="1.0" encoding="UTF-8"?>
<!-- Generated by org.testng.reporters.JUnitReportReporter -->
<testsuite skipped="0" hostname="akundu18" name="testcases.products.AddProduct" tests="1" failures="0" timestamp="30 Sep 2019 07:35:01 GMT" time="2.754" errors="0">
  <testcase name="addProduct" time="2.754" classname="testcases.products.AddProduct"/>
</testsuite> <!-- testcases.products.AddProduct -->
