<?xml version="1.0" encoding="UTF-8"?>
<!-- Generated by org.testng.reporters.JUnitReportReporter -->
<testsuite skipped="0" hostname="akundu18" name="testcases.products.AddandDeleteProduct" tests="1" failures="0" timestamp="01 Oct 2019 03:45:48 GMT" time="2.837" errors="0">
  <testcase name="addDeleteProduct" time="2.837" classname="testcases.products.AddandDeleteProduct"/>
</testsuite> <!-- testcases.products.AddandDeleteProduct -->
