<?xml version="1.0" encoding="UTF-8"?>
<!-- Generated by org.testng.reporters.JUnitReportReporter -->
<testsuite skipped="0" hostname="akundu18" name="testcases.services.GetServices" tests="1" failures="0" timestamp="30 Sep 2019 13:30:33 GMT" time="2.590" errors="0">
  <testcase name="getServices" time="2.590" classname="testcases.services.GetServices"/>
</testsuite> <!-- testcases.services.GetServices -->
