<?xml version="1.0" encoding="UTF-8"?>
<!-- Generated by org.testng.reporters.JUnitReportReporter -->
<testsuite skipped="0" hostname="akundu18" name="testcases.stores.UpdateStore" tests="1" failures="0" timestamp="17 Oct 2019 13:46:52 GMT" time="2.796" errors="0">
  <testcase name="postAndUpdateStore" time="2.796" classname="testcases.stores.UpdateStore"/>
</testsuite> <!-- testcases.stores.UpdateStore -->
