<?xml version="1.0" encoding="UTF-8"?>
<!-- Generated by org.testng.reporters.JUnitReportReporter -->
<testsuite skipped="0" hostname="akundu18" name="testcases.products.UpdateProduct" tests="1" failures="0" timestamp="30 Sep 2019 07:46:34 GMT" time="2.277" errors="0">
  <testcase name="updateProduct" time="2.277" classname="testcases.products.UpdateProduct"/>
</testsuite> <!-- testcases.products.UpdateProduct -->
