<?xml version="1.0" encoding="UTF-8"?>
<!-- Generated by org.testng.reporters.JUnitReportReporter -->
<testsuite skipped="0" hostname="akundu18" name="testcases.services.AddService" tests="1" failures="0" timestamp="30 Sep 2019 13:51:59 GMT" time="2.466" errors="0">
  <testcase name="addService" time="2.466" classname="testcases.services.AddService"/>
</testsuite> <!-- testcases.services.AddService -->
