<?xml version="1.0" encoding="UTF-8"?>
<!-- Generated by org.testng.reporters.JUnitReportReporter -->
<testsuite skipped="0" hostname="akundu18" name="testcases.stores.GetProducts" tests="1" failures="0" timestamp="16 Oct 2019 10:49:16 GMT" time="2.983" errors="0">
  <testcase name="getAllProducts" time="2.983" classname="testcases.stores.GetProducts"/>
</testsuite> <!-- testcases.stores.GetProducts -->
