<?xml version="1.0" encoding="UTF-8"?>
<!-- Generated by org.testng.reporters.JUnitReportReporter -->
<testsuite skipped="0" hostname="akundu18" name="testcases.services.AddandDeleteService" tests="1" failures="0" timestamp="30 Sep 2019 14:24:29 GMT" time="2.519" errors="0">
  <testcase name="addAndDeleteServices" time="2.519" classname="testcases.services.AddandDeleteService"/>
</testsuite> <!-- testcases.services.AddandDeleteService -->
